# JRE version: Java(TM) SE Runtime Environment (8.0_101-b13) (build 1.8.0_101-b13)
# Java VM: Java HotSpot(TM) 64-Bit Server VM (25.101-b13 mixed mode windows-amd64 compressed oops)
Heap:
 PSYoungGen      total 613376K, used 475817K [0x00000000d6000000, 0x00000000ffb00000, 0x0000000100000000)
  eden space 594944K, 76% used [0x00000000d6000000,0x00000000f1eca5e8,0x00000000fa500000)
  from space 18432K, 99% used [0x00000000fa500000,0x00000000fb6dfe38,0x00000000fb700000)
  to   space 44032K, 0% used [0x00000000fd000000,0x00000000fd000000,0x00000000ffb00000)
 ParOldGen       total 213504K, used 103274K [0x0000000082000000, 0x000000008f080000, 0x00000000d6000000)
  object space 213504K, 48% used [0x0000000082000000,0x00000000884dab70,0x000000008f080000)
 Metaspace       used 38892K, capacity 39203K, committed 39552K, reserved 1083392K
  class space    used 5068K, capacity 5148K, committed 5248K, reserved 1048576K
GC Heap History (10 events):
Event: 10.118 GC heap before
{Heap before GC invocations=14 (full 2):
 PSYoungGen      total 478720K, used 445440K [0x00000000d6000000, 0x00000000fd980000, 0x0000000100000000)
  eden space 445440K, 100% used [0x00000000d6000000,0x00000000f1300000,0x00000000f1300000)
  from space 33280K, 0% used [0x00000000f1300000,0x00000000f1300000,0x00000000f3380000)
  to   space 31744K, 0% used [0x00000000fba80000,0x00000000fba80000,0x00000000fd980000)
 ParOldGen       total 133120K, used 65295K [0x0000000082000000, 0x000000008a200000, 0x00000000d6000000)
  object space 133120K, 49% used [0x0000000082000000,0x0000000085fc3d28,0x000000008a200000)
 Metaspace       used 25109K, capacity 25390K, committed 25728K, reserved 1071104K
  class space    used 3488K, capacity 3593K, committed 3712K, reserved 1048576K
Event: 10.142 GC heap after
Heap after GC invocations=14 (full 2):
 PSYoungGen      total 592384K, used 19840K [0x00000000d6000000, 0x00000000fce00000, 0x0000000100000000)
  eden space 572416K, 0% used [0x00000000d6000000,0x00000000d6000000,0x00000000f8f00000)
  from space 19968K, 99% used [0x00000000fba80000,0x00000000fcde0248,0x00000000fce00000)
  to   space 31744K, 0% used [0x00000000f9000000,0x00000000f9000000,0x00000000faf00000)
 ParOldGen       total 133120K, used 65303K [0x0000000082000000, 0x000000008a200000, 0x00000000d6000000)
  object space 133120K, 49% used [0x0000000082000000,0x0000000085fc5d28,0x000000008a200000)
 Metaspace       used 25109K, capacity 25390K, committed 25728K, reserved 1071104K
  class space    used 3488K, capacity 3593K, committed 3712K, reserved 1048576K
}
Event: 16.545 GC heap before
{Heap before GC invocations=15 (full 2):
 PSYoungGen      total 592384K, used 592256K [0x00000000d6000000, 0x00000000fce00000, 0x0000000100000000)
  eden space 572416K, 100% used [0x00000000d6000000,0x00000000f8f00000,0x00000000f8f00000)
  from space 19968K, 99% used [0x00000000fba80000,0x00000000fcde0248,0x00000000fce00000)
  to   space 31744K, 0% used [0x00000000f9000000,0x00000000f9000000,0x00000000faf00000)
 ParOldGen       total 133120K, used 65303K [0x0000000082000000, 0x000000008a200000, 0x00000000d6000000)
  object space 133120K, 49% used [0x0000000082000000,0x0000000085fc5d28,0x000000008a200000)
 Metaspace       used 31855K, capacity 32053K, committed 32512K, reserved 1077248K
  class space    used 4219K, capacity 4267K, committed 4352K, reserved 1048576K
Event: 16.630 GC heap after
Heap after GC invocations=15 (full 2):
 PSYoungGen      total 605184K, used 31732K [0x00000000d6000000, 0x0000000100000000, 0x0000000100000000)
  eden space 573440K, 0% used [0x00000000d6000000,0x00000000d6000000,0x00000000f9000000)
  from space 31744K, 99% used [0x00000000f9000000,0x00000000faefd010,0x00000000faf00000)
  to   space 47104K, 0% used [0x00000000fd200000,0x00000000fd200000,0x0000000100000000)
 ParOldGen       total 133120K, used 96464K [0x0000000082000000, 0x000000008a200000, 0x00000000d6000000)
  object space 133120K, 72% used [0x0000000082000000,0x0000000087e340d0,0x000000008a200000)
 Metaspace       used 31855K, capacity 32053K, committed 32512K, reserved 1077248K
  class space    used 4219K, capacity 4267K, committed 4352K, reserved 1048576K
}
Event: 23.816 GC heap before
{Heap before GC invocations=16 (full 2):
 PSYoungGen      total 605184K, used 554129K [0x00000000d6000000, 0x0000000100000000, 0x0000000100000000)
  eden space 573440K, 91% used [0x00000000d6000000,0x00000000f5e27460,0x00000000f9000000)
  from space 31744K, 99% used [0x00000000f9000000,0x00000000faefd010,0x00000000faf00000)
  to   space 47104K, 0% used [0x00000000fd200000,0x00000000fd200000,0x0000000100000000)
 ParOldGen       total 133120K, used 96464K [0x0000000082000000, 0x000000008a200000, 0x00000000d6000000)
  object space 133120K, 72% used [0x0000000082000000,0x0000000087e340d0,0x000000008a200000)
 Metaspace       used 34990K, capacity 35195K, committed 35456K, reserved 1079296K
  class space    used 4625K, capacity 4693K, committed 4736K, reserved 1048576K
Event: 23.862 GC heap after
Heap after GC invocations=16 (full 2):
 PSYoungGen      total 642048K, used 12531K [0x00000000d6000000, 0x0000000100000000, 0x0000000100000000)
  eden space 594944K, 0% used [0x00000000d6000000,0x00000000d6000000,0x00000000fa500000)
  from space 47104K, 26% used [0x00000000fd200000,0x00000000fde3ce30,0x0000000100000000)
  to   space 46080K, 0% used [0x00000000fa500000,0x00000000fa500000,0x00000000fd200000)
 ParOldGen       total 133120K, used 126788K [0x0000000082000000, 0x000000008a200000, 0x00000000d6000000)
  object space 133120K, 95% used [0x0000000082000000,0x0000000089bd13d8,0x000000008a200000)
 Metaspace       used 34990K, capacity 35195K, committed 35456K, reserved 1079296K
  class space    used 4625K, capacity 4693K, committed 4736K, reserved 1048576K
}
Event: 23.862 GC heap before
{Heap before GC invocations=17 (full 3):
 PSYoungGen      total 642048K, used 12531K [0x00000000d6000000, 0x0000000100000000, 0x0000000100000000)
  eden space 594944K, 0% used [0x00000000d6000000,0x00000000d6000000,0x00000000fa500000)
  from space 47104K, 26% used [0x00000000fd200000,0x00000000fde3ce30,0x0000000100000000)
  to   space 46080K, 0% used [0x00000000fa500000,0x00000000fa500000,0x00000000fd200000)
 ParOldGen       total 133120K, used 126788K [0x0000000082000000, 0x000000008a200000, 0x00000000d6000000)
  object space 133120K, 95% used [0x0000000082000000,0x0000000089bd13d8,0x000000008a200000)
 Metaspace       used 34990K, capacity 35195K, committed 35456K, reserved 1079296K
  class space    used 4625K, capacity 4693K, committed 4736K, reserved 1048576K
Event: 24.294 GC heap after
Heap after GC invocations=17 (full 3):
 PSYoungGen      total 642048K, used 0K [0x00000000d6000000, 0x0000000100000000, 0x0000000100000000)
  eden space 594944K, 0% used [0x00000000d6000000,0x00000000d6000000,0x00000000fa500000)
  from space 47104K, 0% used [0x00000000fd200000,0x00000000fd200000,0x0000000100000000)
  to   space 46080K, 0% used [0x00000000fa500000,0x00000000fa500000,0x00000000fd200000)
 ParOldGen       total 213504K, used 103274K [0x0000000082000000, 0x000000008f080000, 0x00000000d6000000)
  object space 213504K, 48% used [0x0000000082000000,0x00000000884dab70,0x000000008f080000)
 Metaspace       used 34990K, capacity 35195K, committed 35456K, reserved 1079296K
  class space    used 4625K, capacity 4693K, committed 4736K, reserved 1048576K
}
Event: 32.746 GC heap before
{Heap before GC invocations=18 (full 3):
 PSYoungGen      total 642048K, used 594944K [0x00000000d6000000, 0x0000000100000000, 0x0000000100000000)
  eden space 594944K, 100% used [0x00000000d6000000,0x00000000fa500000,0x00000000fa500000)
  from space 47104K, 0% used [0x00000000fd200000,0x00000000fd200000,0x0000000100000000)
  to   space 46080K, 0% used [0x00000000fa500000,0x00000000fa500000,0x00000000fd200000)
 ParOldGen       total 213504K, used 103274K [0x0000000082000000, 0x000000008f080000, 0x00000000d6000000)
  object space 213504K, 48% used [0x0000000082000000,0x00000000884dab70,0x000000008f080000)
 Metaspace       used 37349K, capacity 37639K, committed 38016K, reserved 1083392K
  class space    used 4852K, capacity 4951K, committed 4992K, reserved 1048576K
Event: 32.771 GC heap after
Heap after GC invocations=18 (full 3):
 PSYoungGen      total 613376K, used 18303K [0x00000000d6000000, 0x00000000ffb00000, 0x0000000100000000)
  eden space 594944K, 0% used [0x00000000d6000000,0x00000000d6000000,0x00000000fa500000)
  from space 18432K, 99% used [0x00000000fa500000,0x00000000fb6dfe38,0x00000000fb700000)
  to   space 44032K, 0% used [0x00000000fd000000,0x00000000fd000000,0x00000000ffb00000)
 ParOldGen       total 213504K, used 103274K [0x0000000082000000, 0x000000008f080000, 0x00000000d6000000)
  object space 213504K, 48% used [0x0000000082000000,0x00000000884dab70,0x000000008f080000)
 Metaspace       used 37349K, capacity 37639K, committed 38016K, reserved 1083392K
  class space    used 4852K, capacity 4951K, committed 4992K, reserved 1048576K
}

