# JRE version: Java(TM) SE Runtime Environment (8.0_101-b13) (build 1.8.0_101-b13)
# Java VM: Java HotSpot(TM) 64-Bit Server VM (25.101-b13 mixed mode windows-amd64 compressed oops)
Heap:
 PSYoungGen      total 646656K, used 33232K [0x00000000d6000000, 0x0000000100000000, 0x0000000100000000)
  eden space 604160K, 5% used [0x00000000d6000000,0x00000000d8074318,0x00000000fae00000)
  from space 42496K, 0% used [0x00000000fd680000,0x00000000fd680000,0x0000000100000000)
  to   space 41472K, 0% used [0x00000000fae00000,0x00000000fae00000,0x00000000fd680000)
 ParOldGen       total 218112K, used 103587K [0x0000000082000000, 0x000000008f500000, 0x00000000d6000000)
  object space 218112K, 47% used [0x0000000082000000,0x0000000088528c48,0x000000008f500000)
 Metaspace       used 35833K, capacity 36091K, committed 36352K, reserved 1081344K
  class space    used 4710K, capacity 4821K, committed 4864K, reserved 1048576K
GC Heap History (10 events):
Event: 6.639 GC heap before
{Heap before GC invocations=13 (full 2):
 PSYoungGen      total 477184K, used 14833K [0x00000000d6000000, 0x00000000fd100000, 0x0000000100000000)
  eden space 450048K, 0% used [0x00000000d6000000,0x00000000d6000000,0x00000000f1780000)
  from space 27136K, 54% used [0x00000000f1780000,0x00000000f25fc5c0,0x00000000f3200000)
  to   space 26112K, 0% used [0x00000000fb780000,0x00000000fb780000,0x00000000fd100000)
 ParOldGen       total 86016K, used 82397K [0x0000000082000000, 0x0000000087400000, 0x00000000d6000000)
  object space 86016K, 95% used [0x0000000082000000,0x0000000087077468,0x0000000087400000)
 Metaspace       used 20819K, capacity 21006K, committed 21296K, reserved 1069056K
  class space    used 2592K, capacity 2665K, committed 2688K, reserved 1048576K
Event: 6.868 GC heap after
Heap after GC invocations=13 (full 2):
 PSYoungGen      total 477184K, used 0K [0x00000000d6000000, 0x00000000fd100000, 0x0000000100000000)
  eden space 450048K, 0% used [0x00000000d6000000,0x00000000d6000000,0x00000000f1780000)
  from space 27136K, 0% used [0x00000000f1780000,0x00000000f1780000,0x00000000f3200000)
  to   space 26112K, 0% used [0x00000000fb780000,0x00000000fb780000,0x00000000fd100000)
 ParOldGen       total 131584K, used 62502K [0x0000000082000000, 0x000000008a080000, 0x00000000d6000000)
  object space 131584K, 47% used [0x0000000082000000,0x0000000085d09a20,0x000000008a080000)
 Metaspace       used 20819K, capacity 21006K, committed 21296K, reserved 1069056K
  class space    used 2592K, capacity 2665K, committed 2688K, reserved 1048576K
}
Event: 8.478 GC heap before
{Heap before GC invocations=14 (full 2):
 PSYoungGen      total 477184K, used 450048K [0x00000000d6000000, 0x00000000fd100000, 0x0000000100000000)
  eden space 450048K, 100% used [0x00000000d6000000,0x00000000f1780000,0x00000000f1780000)
  from space 27136K, 0% used [0x00000000f1780000,0x00000000f1780000,0x00000000f3200000)
  to   space 26112K, 0% used [0x00000000fb780000,0x00000000fb780000,0x00000000fd100000)
 ParOldGen       total 131584K, used 62502K [0x0000000082000000, 0x000000008a080000, 0x00000000d6000000)
  object space 131584K, 47% used [0x0000000082000000,0x0000000085d09a20,0x000000008a080000)
 Metaspace       used 25029K, capacity 25262K, committed 25728K, reserved 1071104K
  class space    used 3468K, capacity 3593K, committed 3712K, reserved 1048576K
Event: 8.507 GC heap after
Heap after GC invocations=14 (full 2):
 PSYoungGen      total 583168K, used 19420K [0x00000000d6000000, 0x00000000fca80000, 0x0000000100000000)
  eden space 563712K, 0% used [0x00000000d6000000,0x00000000d6000000,0x00000000f8680000)
  from space 19456K, 99% used [0x00000000fb780000,0x00000000fca77288,0x00000000fca80000)
  to   space 26624K, 0% used [0x00000000f9680000,0x00000000f9680000,0x00000000fb080000)
 ParOldGen       total 131584K, used 62502K [0x0000000082000000, 0x000000008a080000, 0x00000000d6000000)
  object space 131584K, 47% used [0x0000000082000000,0x0000000085d09a20,0x000000008a080000)
 Metaspace       used 25029K, capacity 25262K, committed 25728K, reserved 1071104K
  class space    used 3468K, capacity 3593K, committed 3712K, reserved 1048576K
}
Event: 13.092 GC heap before
{Heap before GC invocations=15 (full 2):
 PSYoungGen      total 583168K, used 583132K [0x00000000d6000000, 0x00000000fca80000, 0x0000000100000000)
  eden space 563712K, 100% used [0x00000000d6000000,0x00000000f8680000,0x00000000f8680000)
  from space 19456K, 99% used [0x00000000fb780000,0x00000000fca77288,0x00000000fca80000)
  to   space 26624K, 0% used [0x00000000f9680000,0x00000000f9680000,0x00000000fb080000)
 ParOldGen       total 131584K, used 62502K [0x0000000082000000, 0x000000008a080000, 0x00000000d6000000)
  object space 131584K, 47% used [0x0000000082000000,0x0000000085d09a20,0x000000008a080000)
 Metaspace       used 31694K, capacity 31989K, committed 32256K, reserved 1077248K
  class space    used 4188K, capacity 4267K, committed 4352K, reserved 1048576K
Event: 13.138 GC heap after
Heap after GC invocations=15 (full 2):
 PSYoungGen      total 606720K, used 26623K [0x00000000d6000000, 0x0000000100000000, 0x0000000100000000)
  eden space 580096K, 0% used [0x00000000d6000000,0x00000000d6000000,0x00000000f9680000)
  from space 26624K, 99% used [0x00000000f9680000,0x00000000fb07fd70,0x00000000fb080000)
  to   space 42496K, 0% used [0x00000000fd680000,0x00000000fd680000,0x0000000100000000)
 ParOldGen       total 131584K, used 97760K [0x0000000082000000, 0x000000008a080000, 0x00000000d6000000)
  object space 131584K, 74% used [0x0000000082000000,0x0000000087f782b8,0x000000008a080000)
 Metaspace       used 31694K, capacity 31989K, committed 32256K, reserved 1077248K
  class space    used 4188K, capacity 4267K, committed 4352K, reserved 1048576K
}
Event: 20.391 GC heap before
{Heap before GC invocations=16 (full 2):
 PSYoungGen      total 606720K, used 572419K [0x00000000d6000000, 0x0000000100000000, 0x0000000100000000)
  eden space 580096K, 94% used [0x00000000d6000000,0x00000000f7501060,0x00000000f9680000)
  from space 26624K, 99% used [0x00000000f9680000,0x00000000fb07fd70,0x00000000fb080000)
  to   space 42496K, 0% used [0x00000000fd680000,0x00000000fd680000,0x0000000100000000)
 ParOldGen       total 131584K, used 97760K [0x0000000082000000, 0x000000008a080000, 0x00000000d6000000)
  object space 131584K, 74% used [0x0000000082000000,0x0000000087f782b8,0x000000008a080000)
 Metaspace       used 35018K, capacity 35195K, committed 35456K, reserved 1079296K
  class space    used 4623K, capacity 4693K, committed 4736K, reserved 1048576K
Event: 20.425 GC heap after
Heap after GC invocations=16 (full 2):
 PSYoungGen      total 646656K, used 13321K [0x00000000d6000000, 0x0000000100000000, 0x0000000100000000)
  eden space 604160K, 0% used [0x00000000d6000000,0x00000000d6000000,0x00000000fae00000)
  from space 42496K, 31% used [0x00000000fd680000,0x00000000fe382730,0x0000000100000000)
  to   space 41472K, 0% used [0x00000000fae00000,0x00000000fae00000,0x00000000fd680000)
 ParOldGen       total 131584K, used 123425K [0x0000000082000000, 0x000000008a080000, 0x00000000d6000000)
  object space 131584K, 93% used [0x0000000082000000,0x0000000089888430,0x000000008a080000)
 Metaspace       used 35018K, capacity 35195K, committed 35456K, reserved 1079296K
  class space    used 4623K, capacity 4693K, committed 4736K, reserved 1048576K
}
Event: 20.425 GC heap before
{Heap before GC invocations=17 (full 3):
 PSYoungGen      total 646656K, used 13321K [0x00000000d6000000, 0x0000000100000000, 0x0000000100000000)
  eden space 604160K, 0% used [0x00000000d6000000,0x00000000d6000000,0x00000000fae00000)
  from space 42496K, 31% used [0x00000000fd680000,0x00000000fe382730,0x0000000100000000)
  to   space 41472K, 0% used [0x00000000fae00000,0x00000000fae00000,0x00000000fd680000)
 ParOldGen       total 131584K, used 123425K [0x0000000082000000, 0x000000008a080000, 0x00000000d6000000)
  object space 131584K, 93% used [0x0000000082000000,0x0000000089888430,0x000000008a080000)
 Metaspace       used 35018K, capacity 35195K, committed 35456K, reserved 1079296K
  class space    used 4623K, capacity 4693K, committed 4736K, reserved 1048576K
Event: 20.796 GC heap after
Heap after GC invocations=17 (full 3):
 PSYoungGen      total 646656K, used 0K [0x00000000d6000000, 0x0000000100000000, 0x0000000100000000)
  eden space 604160K, 0% used [0x00000000d6000000,0x00000000d6000000,0x00000000fae00000)
  from space 42496K, 0% used [0x00000000fd680000,0x00000000fd680000,0x0000000100000000)
  to   space 41472K, 0% used [0x00000000fae00000,0x00000000fae00000,0x00000000fd680000)
 ParOldGen       total 218112K, used 103587K [0x0000000082000000, 0x000000008f500000, 0x00000000d6000000)
  object space 218112K, 47% used [0x0000000082000000,0x0000000088528c48,0x000000008f500000)
 Metaspace       used 35018K, capacity 35195K, committed 35456K, reserved 1079296K
  class space    used 4623K, capacity 4693K, committed 4736K, reserved 1048576K
}

