# JRE version: Java(TM) SE Runtime Environment (8.0_101-b13) (build 1.8.0_101-b13)
# Java VM: Java HotSpot(TM) 64-Bit Server VM (25.101-b13 mixed mode windows-amd64 compressed oops)
Heap:
 PSYoungGen      total 598528K, used 422257K [0x00000000d6000000, 0x0000000100000000, 0x0000000100000000)
  eden space 548864K, 72% used [0x00000000d6000000,0x00000000ee48e330,0x00000000f7800000)
  from space 49664K, 49% used [0x00000000f7800000,0x00000000f8fce310,0x00000000fa880000)
  to   space 48128K, 0% used [0x00000000fd100000,0x00000000fd100000,0x0000000100000000)
 ParOldGen       total 225280K, used 120767K [0x0000000082000000, 0x000000008fc00000, 0x00000000d6000000)
  object space 225280K, 53% used [0x0000000082000000,0x00000000895efd08,0x000000008fc00000)
 Metaspace       used 38889K, capacity 39203K, committed 39552K, reserved 1083392K
  class space    used 5068K, capacity 5148K, committed 5248K, reserved 1048576K
GC Heap History (10 events):
Event: 13.155 GC heap before
{Heap before GC invocations=14 (full 2):
 PSYoungGen      total 476672K, used 465240K [0x00000000d6000000, 0x00000000f6280000, 0x0000000100000000)
  eden space 448000K, 100% used [0x00000000d6000000,0x00000000f1580000,0x00000000f1580000)
  from space 28672K, 60% used [0x00000000f1580000,0x00000000f2656168,0x00000000f3180000)
  to   space 28160K, 0% used [0x00000000f4700000,0x00000000f4700000,0x00000000f6280000)
 ParOldGen       total 125440K, used 60043K [0x0000000082000000, 0x0000000089a80000, 0x00000000d6000000)
  object space 125440K, 47% used [0x0000000082000000,0x0000000085aa2ef8,0x0000000089a80000)
 Metaspace       used 30080K, capacity 30325K, committed 30720K, reserved 1075200K
  class space    used 3994K, capacity 4075K, committed 4096K, reserved 1048576K
Event: 13.189 GC heap after
Heap after GC invocations=14 (full 2):
 PSYoungGen      total 492544K, used 28146K [0x00000000d6000000, 0x00000000fc980000, 0x0000000100000000)
  eden space 464384K, 0% used [0x00000000d6000000,0x00000000d6000000,0x00000000f2580000)
  from space 28160K, 99% used [0x00000000f4700000,0x00000000f627c8a8,0x00000000f6280000)
  to   space 34304K, 0% used [0x00000000f2580000,0x00000000f2580000,0x00000000f4700000)
 ParOldGen       total 125440K, used 67303K [0x0000000082000000, 0x0000000089a80000, 0x00000000d6000000)
  object space 125440K, 53% used [0x0000000082000000,0x00000000861b9dc8,0x0000000089a80000)
 Metaspace       used 30080K, capacity 30325K, committed 30720K, reserved 1075200K
  class space    used 3994K, capacity 4075K, committed 4096K, reserved 1048576K
}
Event: 17.478 GC heap before
{Heap before GC invocations=15 (full 2):
 PSYoungGen      total 492544K, used 444530K [0x00000000d6000000, 0x00000000fc980000, 0x0000000100000000)
  eden space 464384K, 89% used [0x00000000d6000000,0x00000000ef6a0288,0x00000000f2580000)
  from space 28160K, 99% used [0x00000000f4700000,0x00000000f627c8a8,0x00000000f6280000)
  to   space 34304K, 0% used [0x00000000f2580000,0x00000000f2580000,0x00000000f4700000)
 ParOldGen       total 125440K, used 67303K [0x0000000082000000, 0x0000000089a80000, 0x00000000d6000000)
  object space 125440K, 53% used [0x0000000082000000,0x00000000861b9dc8,0x0000000089a80000)
 Metaspace       used 33641K, capacity 33913K, committed 34136K, reserved 1079296K
  class space    used 4455K, capacity 4563K, committed 4608K, reserved 1048576K
Event: 17.539 GC heap after
Heap after GC invocations=15 (full 2):
 PSYoungGen      total 498688K, used 34279K [0x00000000d6000000, 0x00000000ff500000, 0x0000000100000000)
  eden space 464384K, 0% used [0x00000000d6000000,0x00000000d6000000,0x00000000f2580000)
  from space 34304K, 99% used [0x00000000f2580000,0x00000000f46f9cf0,0x00000000f4700000)
  to   space 50688K, 0% used [0x00000000fc380000,0x00000000fc380000,0x00000000ff500000)
 ParOldGen       total 125440K, used 99771K [0x0000000082000000, 0x0000000089a80000, 0x00000000d6000000)
  object space 125440K, 79% used [0x0000000082000000,0x000000008816efa0,0x0000000089a80000)
 Metaspace       used 33641K, capacity 33913K, committed 34136K, reserved 1079296K
  class space    used 4455K, capacity 4563K, committed 4608K, reserved 1048576K
}
Event: 17.539 GC heap before
{Heap before GC invocations=16 (full 3):
 PSYoungGen      total 498688K, used 34279K [0x00000000d6000000, 0x00000000ff500000, 0x0000000100000000)
  eden space 464384K, 0% used [0x00000000d6000000,0x00000000d6000000,0x00000000f2580000)
  from space 34304K, 99% used [0x00000000f2580000,0x00000000f46f9cf0,0x00000000f4700000)
  to   space 50688K, 0% used [0x00000000fc380000,0x00000000fc380000,0x00000000ff500000)
 ParOldGen       total 125440K, used 99771K [0x0000000082000000, 0x0000000089a80000, 0x00000000d6000000)
  object space 125440K, 79% used [0x0000000082000000,0x000000008816efa0,0x0000000089a80000)
 Metaspace       used 33641K, capacity 33913K, committed 34136K, reserved 1079296K
  class space    used 4455K, capacity 4563K, committed 4608K, reserved 1048576K
Event: 18.017 GC heap after
Heap after GC invocations=16 (full 3):
 PSYoungGen      total 498688K, used 0K [0x00000000d6000000, 0x00000000ff500000, 0x0000000100000000)
  eden space 464384K, 0% used [0x00000000d6000000,0x00000000d6000000,0x00000000f2580000)
  from space 34304K, 0% used [0x00000000f2580000,0x00000000f2580000,0x00000000f4700000)
  to   space 50688K, 0% used [0x00000000fc380000,0x00000000fc380000,0x00000000ff500000)
 ParOldGen       total 225280K, used 120751K [0x0000000082000000, 0x000000008fc00000, 0x00000000d6000000)
  object space 225280K, 53% used [0x0000000082000000,0x00000000895ebd08,0x000000008fc00000)
 Metaspace       used 33641K, capacity 33913K, committed 34136K, reserved 1079296K
  class space    used 4455K, capacity 4563K, committed 4608K, reserved 1048576K
}
Event: 26.075 GC heap before
{Heap before GC invocations=17 (full 3):
 PSYoungGen      total 498688K, used 464384K [0x00000000d6000000, 0x00000000ff500000, 0x0000000100000000)
  eden space 464384K, 100% used [0x00000000d6000000,0x00000000f2580000,0x00000000f2580000)
  from space 34304K, 0% used [0x00000000f2580000,0x00000000f2580000,0x00000000f4700000)
  to   space 50688K, 0% used [0x00000000fc380000,0x00000000fc380000,0x00000000ff500000)
 ParOldGen       total 225280K, used 120751K [0x0000000082000000, 0x000000008fc00000, 0x00000000d6000000)
  object space 225280K, 53% used [0x0000000082000000,0x00000000895ebd08,0x000000008fc00000)
 Metaspace       used 36292K, capacity 36551K, committed 36864K, reserved 1081344K
  class space    used 4733K, capacity 4823K, committed 4864K, reserved 1048576K
Event: 26.089 GC heap after
Heap after GC invocations=17 (full 3):
 PSYoungGen      total 570880K, used 10311K [0x00000000d6000000, 0x00000000fd900000, 0x0000000100000000)
  eden space 548864K, 0% used [0x00000000d6000000,0x00000000d6000000,0x00000000f7800000)
  from space 22016K, 46% used [0x00000000fc380000,0x00000000fcd91fb0,0x00000000fd900000)
  to   space 49664K, 0% used [0x00000000f7800000,0x00000000f7800000,0x00000000fa880000)
 ParOldGen       total 225280K, used 120759K [0x0000000082000000, 0x000000008fc00000, 0x00000000d6000000)
  object space 225280K, 53% used [0x0000000082000000,0x00000000895edd08,0x000000008fc00000)
 Metaspace       used 36292K, capacity 36551K, committed 36864K, reserved 1081344K
  class space    used 4733K, capacity 4823K, committed 4864K, reserved 1048576K
}
Event: 33.753 GC heap before
{Heap before GC invocations=18 (full 3):
 PSYoungGen      total 570880K, used 559175K [0x00000000d6000000, 0x00000000fd900000, 0x0000000100000000)
  eden space 548864K, 100% used [0x00000000d6000000,0x00000000f7800000,0x00000000f7800000)
  from space 22016K, 46% used [0x00000000fc380000,0x00000000fcd91fb0,0x00000000fd900000)
  to   space 49664K, 0% used [0x00000000f7800000,0x00000000f7800000,0x00000000fa880000)
 ParOldGen       total 225280K, used 120759K [0x0000000082000000, 0x000000008fc00000, 0x00000000d6000000)
  object space 225280K, 53% used [0x0000000082000000,0x00000000895edd08,0x000000008fc00000)
 Metaspace       used 37924K, capacity 38215K, committed 38656K, reserved 1083392K
  class space    used 4939K, capacity 5015K, committed 5120K, reserved 1048576K
Event: 33.776 GC heap after
Heap after GC invocations=18 (full 3):
 PSYoungGen      total 598528K, used 24376K [0x00000000d6000000, 0x0000000100000000, 0x0000000100000000)
  eden space 548864K, 0% used [0x00000000d6000000,0x00000000d6000000,0x00000000f7800000)
  from space 49664K, 49% used [0x00000000f7800000,0x00000000f8fce310,0x00000000fa880000)
  to   space 48128K, 0% used [0x00000000fd100000,0x00000000fd100000,0x0000000100000000)
 ParOldGen       total 225280K, used 120767K [0x0000000082000000, 0x000000008fc00000, 0x00000000d6000000)
  object space 225280K, 53% used [0x0000000082000000,0x00000000895efd08,0x000000008fc00000)
 Metaspace       used 37924K, capacity 38215K, committed 38656K, reserved 1083392K
  class space    used 4939K, capacity 5015K, committed 5120K, reserved 1048576K
}

